<?xml version="1.0" encoding="UTF-8"?>
<testng-results skipped="0" failed="1" ignored="0" total="2" passed="1">
  <reporter-output>
    <line>
      <![CDATA[clicked on sign in]]>
    </line>
    <line>
      <![CDATA[entered username]]>
    </line>
    <line>
      <![CDATA[https://app.vwo.com/#/analyze/heatmap/129/reports?token=eyJhY2NvdW50X2lkIjo2LCJleHBlcmltZW50X2lkIjoxMjksImNyZWF0ZWRfb24iOjE1MDc3ODk0ODcsInR5cGUiOiJjYW1wYWlnbiIsInZlcnNpb24iOjEsImhhc2giOiJiMzlmMTQ4MWE0ZDMyN2Q4MDllNTM1YzVlNWFjOGVlMCJ9]]>
    </line>
    <line>
      <![CDATA[Logged in]]>
    </line>
    <line>
      <![CDATA[HeatMap displayed]]>
    </line>
  </reporter-output>
  <suite name="Suite" duration-ms="24189" started-at="2020-01-24T19:57:26 IST" finished-at="2020-01-24T19:57:50 IST">
    <groups>
    </groups>
    <test name="Test" duration-ms="24189" started-at="2020-01-24T19:57:26 IST" finished-at="2020-01-24T19:57:50 IST">
      <class name="webTests.OpenWingfy">
        <test-method status="PASS" signature="setup(java.lang.String)[pri:0, instance:webTests.OpenWingfy@1f57539]" name="setup" is-config="true" duration-ms="6815" started-at="2020-01-24T19:57:28 IST" finished-at="2020-01-24T19:57:35 IST">
          <params>
            <param index="0">
              <value>
                <![CDATA[chrome]]>
              </value>
            </param>
          </params>
          <reporter-output>
          </reporter-output>
        </test-method> <!-- setup -->
        <test-method status="PASS" signature="openUrl(java.lang.String, java.lang.String)[pri:0, instance:webTests.OpenWingfy@1f57539]" name="openUrl" duration-ms="14107" started-at="2020-01-24T19:57:35 IST" data-provider="inputData" finished-at="2020-01-24T19:57:49 IST">
          <params>
            <param index="0">
              <value>
                <![CDATA[2sambyal2@gmail.com]]>
              </value>
            </param>
            <param index="1">
              <value>
                <![CDATA[sambyal]]>
              </value>
            </param>
          </params>
          <reporter-output>
            <line>
              <![CDATA[https://app.vwo.com/#/analyze/heatmap/129/reports?token=eyJhY2NvdW50X2lkIjo2LCJleHBlcmltZW50X2lkIjoxMjksImNyZWF0ZWRfb24iOjE1MDc3ODk0ODcsInR5cGUiOiJjYW1wYWlnbiIsInZlcnNpb24iOjEsImhhc2giOiJiMzlmMTQ4MWE0ZDMyN2Q4MDllNTM1YzVlNWFjOGVlMCJ9]]>
            </line>
            <line>
              <![CDATA[Logged in]]>
            </line>
            <line>
              <![CDATA[HeatMap displayed]]>
            </line>
          </reporter-output>
        </test-method> <!-- openUrl -->
        <test-method status="PASS" signature="TearDown(org.testng.ITestResult)[pri:0, instance:webTests.OpenWingfy@1f57539]" name="TearDown" is-config="true" duration-ms="1275" started-at="2020-01-24T19:57:49 IST" finished-at="2020-01-24T19:57:50 IST">
          <params>
            <param index="0">
              <value>
                <![CDATA[[TestResult name=openUrl status=SUCCESS method=OpenWingfy.openUrl(java.lang.String, java.lang.String)[pri:0, instance:webTests.OpenWingfy@1f57539] output=https://app.vwo.com/#/analyze/heatmap/129/reports?token=eyJhY2NvdW50X2lkIjo2LCJleHBlcmltZW50X2lkIjoxMjksImNyZWF0ZWRfb24iOjE1MDc3ODk0ODcsInR5cGUiOiJjYW1wYWlnbiIsInZlcnNpb24iOjEsImhhc2giOiJiMzlmMTQ4MWE0ZDMyN2Q4MDllNTM1YzVlNWFjOGVlMCJ9]]]>
              </value>
            </param>
          </params>
          <reporter-output>
          </reporter-output>
        </test-method> <!-- TearDown -->
      </class> <!-- webTests.OpenWingfy -->
      <class name="webTests.OpenLinkedIn">
        <test-method status="PASS" signature="setup(java.lang.String)[pri:0, instance:webTests.OpenLinkedIn@e320068]" name="setup" is-config="true" duration-ms="6611" started-at="2020-01-24T19:57:28 IST" finished-at="2020-01-24T19:57:34 IST">
          <params>
            <param index="0">
              <value>
                <![CDATA[chrome]]>
              </value>
            </param>
          </params>
          <reporter-output>
          </reporter-output>
        </test-method> <!-- setup -->
        <test-method status="FAIL" signature="openUrl(java.lang.String, java.lang.String)[pri:0, instance:webTests.OpenLinkedIn@e320068]" name="openUrl" duration-ms="10149" started-at="2020-01-24T19:57:34 IST" data-provider="inputData" finished-at="2020-01-24T19:57:45 IST">
          <params>
            <param index="0">
              <value>
                <![CDATA[2sambyal2@gmail.com]]>
              </value>
            </param>
            <param index="1">
              <value>
                <![CDATA[sambyal]]>
              </value>
            </param>
          </params>
          <exception class="org.openqa.selenium.ElementNotInteractableException">
            <message>
              <![CDATA[element not interactable
  (Session info: chrome=79.0.3945.130)
Build info: version: '3.141.59', revision: 'e82be7d358', time: '2018-11-14T08:17:03'
System info: host: 'WKWIN0175206', ip: '172.23.4.129', os.name: 'Windows 10', os.arch: 'amd64', os.version: '10.0', java.version: '1.8.0_211'
Driver info: org.openqa.selenium.chrome.ChromeDriver
Capabilities {acceptInsecureCerts: false, browserName: chrome, browserVersion: 79.0.3945.130, chrome: {chromedriverVersion: 79.0.3945.36 (3582db32b3389..., userDataDir: C:\Users\rahsamya\AppData\L...}, goog:chromeOptions: {debuggerAddress: localhost:61779}, javascriptEnabled: true, networkConnectionEnabled: false, pageLoadStrategy: normal, platform: WINDOWS, platformName: WINDOWS, proxy: Proxy(), setWindowRect: true, strictFileInteractability: false, timeouts: {implicit: 0, pageLoad: 300000, script: 30000}, unhandledPromptBehavior: dismiss and notify}
Session ID: 093b2abe9b82a792e70a8a32660832e1]]>
            </message>
            <full-stacktrace>
              <![CDATA[org.openqa.selenium.ElementNotInteractableException: element not interactable
  (Session info: chrome=79.0.3945.130)
Build info: version: '3.141.59', revision: 'e82be7d358', time: '2018-11-14T08:17:03'
System info: host: 'WKWIN0175206', ip: '172.23.4.129', os.name: 'Windows 10', os.arch: 'amd64', os.version: '10.0', java.version: '1.8.0_211'
Driver info: org.openqa.selenium.chrome.ChromeDriver
Capabilities {acceptInsecureCerts: false, browserName: chrome, browserVersion: 79.0.3945.130, chrome: {chromedriverVersion: 79.0.3945.36 (3582db32b3389..., userDataDir: C:\Users\rahsamya\AppData\L...}, goog:chromeOptions: {debuggerAddress: localhost:61779}, javascriptEnabled: true, networkConnectionEnabled: false, pageLoadStrategy: normal, platform: WINDOWS, platformName: WINDOWS, proxy: Proxy(), setWindowRect: true, strictFileInteractability: false, timeouts: {implicit: 0, pageLoad: 300000, script: 30000}, unhandledPromptBehavior: dismiss and notify}
Session ID: 093b2abe9b82a792e70a8a32660832e1
at sun.reflect.NativeConstructorAccessorImpl.newInstance0(Native Method)
at sun.reflect.NativeConstructorAccessorImpl.newInstance(Unknown Source)
at sun.reflect.DelegatingConstructorAccessorImpl.newInstance(Unknown Source)
at java.lang.reflect.Constructor.newInstance(Unknown Source)
at org.openqa.selenium.remote.http.W3CHttpResponseCodec.createException(W3CHttpResponseCodec.java:187)
at org.openqa.selenium.remote.http.W3CHttpResponseCodec.decode(W3CHttpResponseCodec.java:122)
at org.openqa.selenium.remote.http.W3CHttpResponseCodec.decode(W3CHttpResponseCodec.java:49)
at org.openqa.selenium.remote.HttpCommandExecutor.execute(HttpCommandExecutor.java:158)
at org.openqa.selenium.remote.service.DriverCommandExecutor.execute(DriverCommandExecutor.java:83)
at org.openqa.selenium.remote.RemoteWebDriver.execute(RemoteWebDriver.java:552)
at org.openqa.selenium.remote.RemoteWebElement.execute(RemoteWebElement.java:285)
at org.openqa.selenium.remote.RemoteWebElement.sendKeys(RemoteWebElement.java:106)
at sun.reflect.NativeMethodAccessorImpl.invoke0(Native Method)
at sun.reflect.NativeMethodAccessorImpl.invoke(Unknown Source)
at sun.reflect.DelegatingMethodAccessorImpl.invoke(Unknown Source)
at java.lang.reflect.Method.invoke(Unknown Source)
at org.openqa.selenium.support.pagefactory.internal.LocatingElementHandler.invoke(LocatingElementHandler.java:51)
at com.sun.proxy.$Proxy12.sendKeys(Unknown Source)
at webTests.OpenLinkedIn.openUrl(OpenLinkedIn.java:32)
at sun.reflect.NativeMethodAccessorImpl.invoke0(Native Method)
at sun.reflect.NativeMethodAccessorImpl.invoke(Unknown Source)
at sun.reflect.DelegatingMethodAccessorImpl.invoke(Unknown Source)
at java.lang.reflect.Method.invoke(Unknown Source)
at org.testng.internal.MethodInvocationHelper.invokeMethod(MethodInvocationHelper.java:133)
at org.testng.internal.TestInvoker.invokeMethod(TestInvoker.java:584)
at org.testng.internal.TestInvoker.invokeTestMethod(TestInvoker.java:172)
at org.testng.internal.MethodRunner.runInSequence(MethodRunner.java:46)
at org.testng.internal.TestInvoker$MethodInvocationAgent.invoke(TestInvoker.java:804)
at org.testng.internal.TestInvoker.invokeTestMethods(TestInvoker.java:145)
at org.testng.internal.TestMethodWorker.invokeTestMethods(TestMethodWorker.java:146)
at org.testng.internal.TestMethodWorker.run(TestMethodWorker.java:128)
at java.util.concurrent.ThreadPoolExecutor.runWorker(Unknown Source)
at java.util.concurrent.ThreadPoolExecutor$Worker.run(Unknown Source)
at java.lang.Thread.run(Unknown Source)
]]>
            </full-stacktrace>
          </exception> <!-- org.openqa.selenium.ElementNotInteractableException -->
          <reporter-output>
            <line>
              <![CDATA[clicked on sign in]]>
            </line>
            <line>
              <![CDATA[entered username]]>
            </line>
          </reporter-output>
        </test-method> <!-- openUrl -->
        <test-method status="PASS" signature="TearDown(org.testng.ITestResult)[pri:0, instance:webTests.OpenLinkedIn@e320068]" name="TearDown" is-config="true" duration-ms="1974" started-at="2020-01-24T19:57:45 IST" finished-at="2020-01-24T19:57:47 IST">
          <params>
            <param index="0">
              <value>
                <![CDATA[[TestResult name=openUrl status=FAILURE method=OpenLinkedIn.openUrl(java.lang.String, java.lang.String)[pri:0, instance:webTests.OpenLinkedIn@e320068] output=clicked on sign in]]]>
              </value>
            </param>
          </params>
          <reporter-output>
          </reporter-output>
        </test-method> <!-- TearDown -->
      </class> <!-- webTests.OpenLinkedIn -->
    </test> <!-- Test -->
  </suite> <!-- Suite -->
</testng-results>
